[2026-01-10T01:44:52.954+0000] {local_task_job_runner.py:120} INFO - ::group::Pre task execution logs
[2026-01-10T01:44:52.967+0000] {taskinstance.py:2076} INFO - Dependencies all met for dep_context=non-requeueable deps ti=<TaskInstance: weather_live_dag.fetch_weather_task manual__2026-01-10T01:44:50.122568+00:00 [queued]>
[2026-01-10T01:44:52.972+0000] {taskinstance.py:2076} INFO - Dependencies all met for dep_context=requeueable deps ti=<TaskInstance: weather_live_dag.fetch_weather_task manual__2026-01-10T01:44:50.122568+00:00 [queued]>
[2026-01-10T01:44:52.973+0000] {taskinstance.py:2306} INFO - Starting attempt 1 of 1
[2026-01-10T01:44:52.985+0000] {taskinstance.py:2330} INFO - Executing <Task(PythonOperator): fetch_weather_task> on 2026-01-10 01:44:50.122568+00:00
[2026-01-10T01:44:52.996+0000] {warnings.py:112} WARNING - /home/***/.local/lib/python3.12/site-packages/***/task/task_runner/standard_task_runner.py:62: DeprecationWarning: This process (pid=1225) is multi-threaded, use of fork() may lead to deadlocks in the child.
  pid = os.fork()

[2026-01-10T01:44:52.999+0000] {standard_task_runner.py:64} INFO - Started process 1227 to run task
[2026-01-10T01:44:52.998+0000] {standard_task_runner.py:90} INFO - Running: ['***', 'tasks', 'run', 'weather_live_dag', 'fetch_weather_task', 'manual__2026-01-10T01:44:50.122568+00:00', '--job-id', '9', '--raw', '--subdir', 'DAGS_FOLDER/weather_dag.py', '--cfg-path', '/tmp/tmpwtp1im1k']
[2026-01-10T01:44:53.001+0000] {standard_task_runner.py:91} INFO - Job 9: Subtask fetch_weather_task
[2026-01-10T01:44:53.076+0000] {task_command.py:426} INFO - Running <TaskInstance: weather_live_dag.fetch_weather_task manual__2026-01-10T01:44:50.122568+00:00 [running]> on host 7743d9af807c
[2026-01-10T01:44:53.155+0000] {taskinstance.py:2648} INFO - Exporting env vars: AIRFLOW_CTX_DAG_OWNER='***' AIRFLOW_CTX_DAG_ID='weather_live_dag' AIRFLOW_CTX_TASK_ID='fetch_weather_task' AIRFLOW_CTX_EXECUTION_DATE='2026-01-10T01:44:50.122568+00:00' AIRFLOW_CTX_TRY_NUMBER='1' AIRFLOW_CTX_DAG_RUN_ID='manual__2026-01-10T01:44:50.122568+00:00'
[2026-01-10T01:44:53.156+0000] {taskinstance.py:430} INFO - ::endgroup::
[2026-01-10T01:44:53.355+0000] {taskinstance.py:441} INFO - ::group::Post task execution logs
[2026-01-10T01:44:53.356+0000] {taskinstance.py:2905} ERROR - Task failed with exception
Traceback (most recent call last):
  File "/home/airflow/.local/lib/python3.12/site-packages/airflow/models/taskinstance.py", line 465, in _execute_task
    result = _execute_callable(context=context, **execute_callable_kwargs)
             ^^^^^^^^^^^^^^^^^^^^^^^^^^^^^^^^^^^^^^^^^^^^^^^^^^^^^^^^^^^^^
  File "/home/airflow/.local/lib/python3.12/site-packages/airflow/models/taskinstance.py", line 432, in _execute_callable
    return execute_callable(context=context, **execute_callable_kwargs)
           ^^^^^^^^^^^^^^^^^^^^^^^^^^^^^^^^^^^^^^^^^^^^^^^^^^^^^^^^^^^^
  File "/home/airflow/.local/lib/python3.12/site-packages/airflow/models/baseoperator.py", line 401, in wrapper
    return func(self, *args, **kwargs)
           ^^^^^^^^^^^^^^^^^^^^^^^^^^^
  File "/home/airflow/.local/lib/python3.12/site-packages/airflow/operators/python.py", line 235, in execute
    return_value = self.execute_callable()
                   ^^^^^^^^^^^^^^^^^^^^^^^
  File "/home/airflow/.local/lib/python3.12/site-packages/airflow/operators/python.py", line 252, in execute_callable
    return self.python_callable(*self.op_args, **self.op_kwargs)
           ^^^^^^^^^^^^^^^^^^^^^^^^^^^^^^^^^^^^^^^^^^^^^^^^^^^^^
  File "/opt/airflow/dags/weather_dag.py", line 28, in fetch_weather
    os.makedirs(base_path, exist_ok=True)
  File "<frozen os>", line 215, in makedirs
  File "<frozen os>", line 215, in makedirs
  File "<frozen os>", line 215, in makedirs
  File "<frozen os>", line 225, in makedirs
PermissionError: [Errno 13] Permission denied: '/home/abhinavpiyush'
[2026-01-10T01:44:53.368+0000] {taskinstance.py:1206} INFO - Marking task as FAILED. dag_id=weather_live_dag, task_id=fetch_weather_task, run_id=manual__2026-01-10T01:44:50.122568+00:00, execution_date=20260110T014450, start_date=20260110T014452, end_date=20260110T014453
[2026-01-10T01:44:53.378+0000] {standard_task_runner.py:110} ERROR - Failed to execute job 9 for task fetch_weather_task ([Errno 13] Permission denied: '/home/abhinavpiyush'; 1227)
[2026-01-10T01:44:53.414+0000] {local_task_job_runner.py:243} INFO - Task exited with return code 1
[2026-01-10T01:44:53.434+0000] {taskinstance.py:3503} INFO - 0 downstream tasks scheduled from follow-on schedule check
[2026-01-10T01:44:53.438+0000] {local_task_job_runner.py:222} INFO - ::endgroup::
