[2026-01-10T05:00:01.496+0000] {local_task_job_runner.py:120} INFO - ::group::Pre task execution logs
[2026-01-10T05:00:01.508+0000] {taskinstance.py:2076} INFO - Dependencies all met for dep_context=non-requeueable deps ti=<TaskInstance: weather_live_dag.fetch_weather_task scheduled__2026-01-10T04:00:00+00:00 [queued]>
[2026-01-10T05:00:01.512+0000] {taskinstance.py:2076} INFO - Dependencies all met for dep_context=requeueable deps ti=<TaskInstance: weather_live_dag.fetch_weather_task scheduled__2026-01-10T04:00:00+00:00 [queued]>
[2026-01-10T05:00:01.513+0000] {taskinstance.py:2306} INFO - Starting attempt 1 of 1
[2026-01-10T05:00:01.521+0000] {taskinstance.py:2330} INFO - Executing <Task(PythonOperator): fetch_weather_task> on 2026-01-10 04:00:00+00:00
[2026-01-10T05:00:01.529+0000] {warnings.py:112} WARNING - /home/***/.local/lib/python3.12/site-packages/***/task/task_runner/standard_task_runner.py:62: DeprecationWarning: This process (pid=3641) is multi-threaded, use of fork() may lead to deadlocks in the child.
  pid = os.fork()

[2026-01-10T05:00:01.531+0000] {standard_task_runner.py:64} INFO - Started process 3643 to run task
[2026-01-10T05:00:01.531+0000] {standard_task_runner.py:90} INFO - Running: ['***', 'tasks', 'run', 'weather_live_dag', 'fetch_weather_task', 'scheduled__2026-01-10T04:00:00+00:00', '--job-id', '24', '--raw', '--subdir', 'DAGS_FOLDER/weather_dag.py', '--cfg-path', '/tmp/tmppcmgex8m']
[2026-01-10T05:00:01.533+0000] {standard_task_runner.py:91} INFO - Job 24: Subtask fetch_weather_task
[2026-01-10T05:00:01.588+0000] {task_command.py:426} INFO - Running <TaskInstance: weather_live_dag.fetch_weather_task scheduled__2026-01-10T04:00:00+00:00 [running]> on host 7743d9af807c
[2026-01-10T05:00:01.652+0000] {taskinstance.py:2648} INFO - Exporting env vars: AIRFLOW_CTX_DAG_OWNER='***' AIRFLOW_CTX_DAG_ID='weather_live_dag' AIRFLOW_CTX_TASK_ID='fetch_weather_task' AIRFLOW_CTX_EXECUTION_DATE='2026-01-10T04:00:00+00:00' AIRFLOW_CTX_TRY_NUMBER='1' AIRFLOW_CTX_DAG_RUN_ID='scheduled__2026-01-10T04:00:00+00:00'
[2026-01-10T05:00:01.654+0000] {taskinstance.py:430} INFO - ::endgroup::
[2026-01-10T05:00:01.783+0000] {logging_mixin.py:188} INFO - Saved raw weather to: /opt/***/data/raw/weather_2026-01-10.json
[2026-01-10T05:00:01.784+0000] {python.py:237} INFO - Done. Returned value was: /opt/***/data/raw/weather_2026-01-10.json
[2026-01-10T05:00:01.785+0000] {taskinstance.py:441} INFO - ::group::Post task execution logs
[2026-01-10T05:00:01.804+0000] {taskinstance.py:1206} INFO - Marking task as SUCCESS. dag_id=weather_live_dag, task_id=fetch_weather_task, run_id=scheduled__2026-01-10T04:00:00+00:00, execution_date=20260110T040000, start_date=20260110T050001, end_date=20260110T050001
[2026-01-10T05:00:01.825+0000] {local_task_job_runner.py:243} INFO - Task exited with return code 0
[2026-01-10T05:00:01.845+0000] {taskinstance.py:3503} INFO - 1 downstream tasks scheduled from follow-on schedule check
[2026-01-10T05:00:01.847+0000] {local_task_job_runner.py:222} INFO - ::endgroup::
