[2026-01-10T03:00:01.685+0000] {local_task_job_runner.py:120} INFO - ::group::Pre task execution logs
[2026-01-10T03:00:01.697+0000] {taskinstance.py:2076} INFO - Dependencies all met for dep_context=non-requeueable deps ti=<TaskInstance: weather_live_dag.fetch_weather_task scheduled__2026-01-10T02:00:00+00:00 [queued]>
[2026-01-10T03:00:01.702+0000] {taskinstance.py:2076} INFO - Dependencies all met for dep_context=requeueable deps ti=<TaskInstance: weather_live_dag.fetch_weather_task scheduled__2026-01-10T02:00:00+00:00 [queued]>
[2026-01-10T03:00:01.703+0000] {taskinstance.py:2306} INFO - Starting attempt 1 of 1
[2026-01-10T03:00:01.711+0000] {taskinstance.py:2330} INFO - Executing <Task(PythonOperator): fetch_weather_task> on 2026-01-10 02:00:00+00:00
[2026-01-10T03:00:01.718+0000] {warnings.py:112} WARNING - /home/***/.local/lib/python3.12/site-packages/***/task/task_runner/standard_task_runner.py:62: DeprecationWarning: This process (pid=2159) is multi-threaded, use of fork() may lead to deadlocks in the child.
  pid = os.fork()

[2026-01-10T03:00:01.720+0000] {standard_task_runner.py:64} INFO - Started process 2161 to run task
[2026-01-10T03:00:01.720+0000] {standard_task_runner.py:90} INFO - Running: ['***', 'tasks', 'run', 'weather_live_dag', 'fetch_weather_task', 'scheduled__2026-01-10T02:00:00+00:00', '--job-id', '18', '--raw', '--subdir', 'DAGS_FOLDER/weather_dag.py', '--cfg-path', '/tmp/tmpxaftujkc']
[2026-01-10T03:00:01.722+0000] {standard_task_runner.py:91} INFO - Job 18: Subtask fetch_weather_task
[2026-01-10T03:00:01.774+0000] {task_command.py:426} INFO - Running <TaskInstance: weather_live_dag.fetch_weather_task scheduled__2026-01-10T02:00:00+00:00 [running]> on host 7743d9af807c
[2026-01-10T03:00:01.845+0000] {taskinstance.py:2648} INFO - Exporting env vars: AIRFLOW_CTX_DAG_OWNER='***' AIRFLOW_CTX_DAG_ID='weather_live_dag' AIRFLOW_CTX_TASK_ID='fetch_weather_task' AIRFLOW_CTX_EXECUTION_DATE='2026-01-10T02:00:00+00:00' AIRFLOW_CTX_TRY_NUMBER='1' AIRFLOW_CTX_DAG_RUN_ID='scheduled__2026-01-10T02:00:00+00:00'
[2026-01-10T03:00:01.847+0000] {taskinstance.py:430} INFO - ::endgroup::
[2026-01-10T03:00:01.998+0000] {logging_mixin.py:188} INFO - Saved raw weather to: /opt/***/data/raw/weather_2026-01-10.json
[2026-01-10T03:00:01.999+0000] {python.py:237} INFO - Done. Returned value was: /opt/***/data/raw/weather_2026-01-10.json
[2026-01-10T03:00:02.000+0000] {taskinstance.py:441} INFO - ::group::Post task execution logs
[2026-01-10T03:00:02.021+0000] {taskinstance.py:1206} INFO - Marking task as SUCCESS. dag_id=weather_live_dag, task_id=fetch_weather_task, run_id=scheduled__2026-01-10T02:00:00+00:00, execution_date=20260110T020000, start_date=20260110T030001, end_date=20260110T030002
[2026-01-10T03:00:02.054+0000] {local_task_job_runner.py:243} INFO - Task exited with return code 0
[2026-01-10T03:00:02.077+0000] {taskinstance.py:3503} INFO - 0 downstream tasks scheduled from follow-on schedule check
[2026-01-10T03:00:02.079+0000] {local_task_job_runner.py:222} INFO - ::endgroup::
