[2026-01-10T14:58:07.638+0000] {local_task_job_runner.py:120} INFO - ::group::Pre task execution logs
[2026-01-10T14:58:07.656+0000] {taskinstance.py:2076} INFO - Dependencies all met for dep_context=non-requeueable deps ti=<TaskInstance: weather_live_dag.upload_to_s3_task manual__2026-01-10T14:57:59.193399+00:00 [queued]>
[2026-01-10T14:58:07.664+0000] {taskinstance.py:2076} INFO - Dependencies all met for dep_context=requeueable deps ti=<TaskInstance: weather_live_dag.upload_to_s3_task manual__2026-01-10T14:57:59.193399+00:00 [queued]>
[2026-01-10T14:58:07.665+0000] {taskinstance.py:2306} INFO - Starting attempt 1 of 1
[2026-01-10T14:58:07.681+0000] {taskinstance.py:2330} INFO - Executing <Task(PythonOperator): upload_to_s3_task> on 2026-01-10 14:57:59.193399+00:00
[2026-01-10T14:58:07.691+0000] {warnings.py:112} WARNING - /home/***/.local/lib/python3.12/site-packages/***/task/task_runner/standard_task_runner.py:62: DeprecationWarning: This process (pid=3863) is multi-threaded, use of fork() may lead to deadlocks in the child.
  pid = os.fork()

[2026-01-10T14:58:07.693+0000] {standard_task_runner.py:64} INFO - Started process 3865 to run task
[2026-01-10T14:58:07.692+0000] {standard_task_runner.py:90} INFO - Running: ['***', 'tasks', 'run', 'weather_live_dag', 'upload_to_s3_task', 'manual__2026-01-10T14:57:59.193399+00:00', '--job-id', '35', '--raw', '--subdir', 'DAGS_FOLDER/weather_dag.py', '--cfg-path', '/tmp/tmp76ixp1j9']
[2026-01-10T14:58:07.695+0000] {standard_task_runner.py:91} INFO - Job 35: Subtask upload_to_s3_task
[2026-01-10T14:58:07.766+0000] {task_command.py:426} INFO - Running <TaskInstance: weather_live_dag.upload_to_s3_task manual__2026-01-10T14:57:59.193399+00:00 [running]> on host 7743d9af807c
[2026-01-10T14:58:07.853+0000] {taskinstance.py:2648} INFO - Exporting env vars: AIRFLOW_CTX_DAG_OWNER='***' AIRFLOW_CTX_DAG_ID='weather_live_dag' AIRFLOW_CTX_TASK_ID='upload_to_s3_task' AIRFLOW_CTX_EXECUTION_DATE='2026-01-10T14:57:59.193399+00:00' AIRFLOW_CTX_TRY_NUMBER='1' AIRFLOW_CTX_DAG_RUN_ID='manual__2026-01-10T14:57:59.193399+00:00'
[2026-01-10T14:58:07.856+0000] {taskinstance.py:430} INFO - ::endgroup::
[2026-01-10T14:58:07.868+0000] {base.py:84} INFO - Using connection ID 'aws_default' for task execution.
[2026-01-10T14:58:07.869+0000] {connection_wrapper.py:384} INFO - AWS Connection (conn_id='aws_default', conn_type='aws') credentials retrieved from login and password.
[2026-01-10T14:58:08.885+0000] {logging_mixin.py:188} INFO - Uploaded /opt/***/data/processed/processed_weather.json to s3://big-data-abhi07/weather/date=2026-01-10/run_id=manual__2026-01-10T14:57:59.193399+00:00.json
[2026-01-10T14:58:08.887+0000] {python.py:237} INFO - Done. Returned value was: None
[2026-01-10T14:58:08.888+0000] {taskinstance.py:441} INFO - ::group::Post task execution logs
[2026-01-10T14:58:08.900+0000] {taskinstance.py:1206} INFO - Marking task as SUCCESS. dag_id=weather_live_dag, task_id=upload_to_s3_task, run_id=manual__2026-01-10T14:57:59.193399+00:00, execution_date=20260110T145759, start_date=20260110T145807, end_date=20260110T145808
[2026-01-10T14:58:08.953+0000] {local_task_job_runner.py:243} INFO - Task exited with return code 0
[2026-01-10T14:58:08.974+0000] {taskinstance.py:3503} INFO - 0 downstream tasks scheduled from follow-on schedule check
[2026-01-10T14:58:08.977+0000] {local_task_job_runner.py:222} INFO - ::endgroup::
