[2026-01-10T00:27:34.745+0000] {local_task_job_runner.py:120} INFO - ::group::Pre task execution logs
[2026-01-10T00:27:34.764+0000] {taskinstance.py:2076} INFO - Dependencies all met for dep_context=non-requeueable deps ti=<TaskInstance: weather_live_dag.fetch_weather_task manual__2026-01-10T00:27:27.766160+00:00 [queued]>
[2026-01-10T00:27:34.771+0000] {taskinstance.py:2076} INFO - Dependencies all met for dep_context=requeueable deps ti=<TaskInstance: weather_live_dag.fetch_weather_task manual__2026-01-10T00:27:27.766160+00:00 [queued]>
[2026-01-10T00:27:34.772+0000] {taskinstance.py:2306} INFO - Starting attempt 1 of 1
[2026-01-10T00:27:34.787+0000] {taskinstance.py:2330} INFO - Executing <Task(PythonOperator): fetch_weather_task> on 2026-01-10 00:27:27.766160+00:00
[2026-01-10T00:27:34.798+0000] {warnings.py:112} WARNING - /home/***/.local/lib/python3.12/site-packages/***/task/task_runner/standard_task_runner.py:62: DeprecationWarning: This process (pid=276) is multi-threaded, use of fork() may lead to deadlocks in the child.
  pid = os.fork()

[2026-01-10T00:27:34.800+0000] {standard_task_runner.py:64} INFO - Started process 280 to run task
[2026-01-10T00:27:34.799+0000] {standard_task_runner.py:90} INFO - Running: ['***', 'tasks', 'run', 'weather_live_dag', 'fetch_weather_task', 'manual__2026-01-10T00:27:27.766160+00:00', '--job-id', '4', '--raw', '--subdir', 'DAGS_FOLDER/weather_dag.py', '--cfg-path', '/tmp/tmpqepwul0c']
[2026-01-10T00:27:34.802+0000] {standard_task_runner.py:91} INFO - Job 4: Subtask fetch_weather_task
[2026-01-10T00:27:34.953+0000] {task_command.py:426} INFO - Running <TaskInstance: weather_live_dag.fetch_weather_task manual__2026-01-10T00:27:27.766160+00:00 [running]> on host 7743d9af807c
[2026-01-10T00:27:35.120+0000] {taskinstance.py:2648} INFO - Exporting env vars: AIRFLOW_CTX_DAG_OWNER='***' AIRFLOW_CTX_DAG_ID='weather_live_dag' AIRFLOW_CTX_TASK_ID='fetch_weather_task' AIRFLOW_CTX_EXECUTION_DATE='2026-01-10T00:27:27.766160+00:00' AIRFLOW_CTX_TRY_NUMBER='1' AIRFLOW_CTX_DAG_RUN_ID='manual__2026-01-10T00:27:27.766160+00:00'
[2026-01-10T00:27:35.140+0000] {taskinstance.py:430} INFO - ::endgroup::
[2026-01-10T00:27:35.162+0000] {taskinstance.py:441} INFO - ::group::Post task execution logs
[2026-01-10T00:27:35.163+0000] {taskinstance.py:2905} ERROR - Task failed with exception
Traceback (most recent call last):
  File "/home/airflow/.local/lib/python3.12/site-packages/airflow/models/taskinstance.py", line 465, in _execute_task
    result = _execute_callable(context=context, **execute_callable_kwargs)
             ^^^^^^^^^^^^^^^^^^^^^^^^^^^^^^^^^^^^^^^^^^^^^^^^^^^^^^^^^^^^^
  File "/home/airflow/.local/lib/python3.12/site-packages/airflow/models/taskinstance.py", line 432, in _execute_callable
    return execute_callable(context=context, **execute_callable_kwargs)
           ^^^^^^^^^^^^^^^^^^^^^^^^^^^^^^^^^^^^^^^^^^^^^^^^^^^^^^^^^^^^
  File "/home/airflow/.local/lib/python3.12/site-packages/airflow/models/baseoperator.py", line 401, in wrapper
    return func(self, *args, **kwargs)
           ^^^^^^^^^^^^^^^^^^^^^^^^^^^
  File "/home/airflow/.local/lib/python3.12/site-packages/airflow/operators/python.py", line 235, in execute
    return_value = self.execute_callable()
                   ^^^^^^^^^^^^^^^^^^^^^^^
  File "/home/airflow/.local/lib/python3.12/site-packages/airflow/operators/python.py", line 252, in execute_callable
    return self.python_callable(*self.op_args, **self.op_kwargs)
           ^^^^^^^^^^^^^^^^^^^^^^^^^^^^^^^^^^^^^^^^^^^^^^^^^^^^^
  File "/opt/airflow/dags/weather_dag.py", line 14, in fetch_weather
    api_key = Variable.get("OPENWEATHER_API_KEY")
              ^^^^^^^^^^^^^^^^^^^^^^^^^^^^^^^^^^^
  File "/home/airflow/.local/lib/python3.12/site-packages/airflow/models/variable.py", line 143, in get
    raise KeyError(f"Variable {key} does not exist")
KeyError: 'Variable OPENWEATHER_API_KEY does not exist'
[2026-01-10T00:27:35.214+0000] {taskinstance.py:1206} INFO - Marking task as FAILED. dag_id=weather_live_dag, task_id=fetch_weather_task, run_id=manual__2026-01-10T00:27:27.766160+00:00, execution_date=20260110T002727, start_date=20260110T002734, end_date=20260110T002735
[2026-01-10T00:27:35.239+0000] {standard_task_runner.py:110} ERROR - Failed to execute job 4 for task fetch_weather_task ('Variable OPENWEATHER_API_KEY does not exist'; 280)
[2026-01-10T00:27:35.256+0000] {local_task_job_runner.py:243} INFO - Task exited with return code 1
[2026-01-10T00:27:35.282+0000] {taskinstance.py:3503} INFO - 0 downstream tasks scheduled from follow-on schedule check
[2026-01-10T00:27:35.287+0000] {local_task_job_runner.py:222} INFO - ::endgroup::
