[2026-01-10T02:00:01.329+0000] {local_task_job_runner.py:120} INFO - ::group::Pre task execution logs
[2026-01-10T02:00:01.344+0000] {taskinstance.py:2076} INFO - Dependencies all met for dep_context=non-requeueable deps ti=<TaskInstance: weather_live_dag.fetch_weather_task scheduled__2026-01-10T01:00:00+00:00 [queued]>
[2026-01-10T02:00:01.350+0000] {taskinstance.py:2076} INFO - Dependencies all met for dep_context=requeueable deps ti=<TaskInstance: weather_live_dag.fetch_weather_task scheduled__2026-01-10T01:00:00+00:00 [queued]>
[2026-01-10T02:00:01.351+0000] {taskinstance.py:2306} INFO - Starting attempt 1 of 1
[2026-01-10T02:00:01.361+0000] {taskinstance.py:2330} INFO - Executing <Task(PythonOperator): fetch_weather_task> on 2026-01-10 01:00:00+00:00
[2026-01-10T02:00:01.370+0000] {warnings.py:112} WARNING - /home/***/.local/lib/python3.12/site-packages/***/task/task_runner/standard_task_runner.py:62: DeprecationWarning: This process (pid=1419) is multi-threaded, use of fork() may lead to deadlocks in the child.
  pid = os.fork()

[2026-01-10T02:00:01.372+0000] {standard_task_runner.py:64} INFO - Started process 1421 to run task
[2026-01-10T02:00:01.371+0000] {standard_task_runner.py:90} INFO - Running: ['***', 'tasks', 'run', 'weather_live_dag', 'fetch_weather_task', 'scheduled__2026-01-10T01:00:00+00:00', '--job-id', '12', '--raw', '--subdir', 'DAGS_FOLDER/weather_dag.py', '--cfg-path', '/tmp/tmpw5duebx7']
[2026-01-10T02:00:01.373+0000] {standard_task_runner.py:91} INFO - Job 12: Subtask fetch_weather_task
[2026-01-10T02:00:01.425+0000] {task_command.py:426} INFO - Running <TaskInstance: weather_live_dag.fetch_weather_task scheduled__2026-01-10T01:00:00+00:00 [running]> on host 7743d9af807c
[2026-01-10T02:00:01.494+0000] {taskinstance.py:2648} INFO - Exporting env vars: AIRFLOW_CTX_DAG_OWNER='***' AIRFLOW_CTX_DAG_ID='weather_live_dag' AIRFLOW_CTX_TASK_ID='fetch_weather_task' AIRFLOW_CTX_EXECUTION_DATE='2026-01-10T01:00:00+00:00' AIRFLOW_CTX_TRY_NUMBER='1' AIRFLOW_CTX_DAG_RUN_ID='scheduled__2026-01-10T01:00:00+00:00'
[2026-01-10T02:00:01.496+0000] {taskinstance.py:430} INFO - ::endgroup::
[2026-01-10T02:00:01.619+0000] {taskinstance.py:441} INFO - ::group::Post task execution logs
[2026-01-10T02:00:01.620+0000] {taskinstance.py:2905} ERROR - Task failed with exception
Traceback (most recent call last):
  File "/home/airflow/.local/lib/python3.12/site-packages/airflow/models/taskinstance.py", line 465, in _execute_task
    result = _execute_callable(context=context, **execute_callable_kwargs)
             ^^^^^^^^^^^^^^^^^^^^^^^^^^^^^^^^^^^^^^^^^^^^^^^^^^^^^^^^^^^^^
  File "/home/airflow/.local/lib/python3.12/site-packages/airflow/models/taskinstance.py", line 432, in _execute_callable
    return execute_callable(context=context, **execute_callable_kwargs)
           ^^^^^^^^^^^^^^^^^^^^^^^^^^^^^^^^^^^^^^^^^^^^^^^^^^^^^^^^^^^^
  File "/home/airflow/.local/lib/python3.12/site-packages/airflow/models/baseoperator.py", line 401, in wrapper
    return func(self, *args, **kwargs)
           ^^^^^^^^^^^^^^^^^^^^^^^^^^^
  File "/home/airflow/.local/lib/python3.12/site-packages/airflow/operators/python.py", line 235, in execute
    return_value = self.execute_callable()
                   ^^^^^^^^^^^^^^^^^^^^^^^
  File "/home/airflow/.local/lib/python3.12/site-packages/airflow/operators/python.py", line 252, in execute_callable
    return self.python_callable(*self.op_args, **self.op_kwargs)
           ^^^^^^^^^^^^^^^^^^^^^^^^^^^^^^^^^^^^^^^^^^^^^^^^^^^^^
  File "/opt/airflow/dags/weather_dag.py", line 28, in fetch_weather
    os.makedirs(base_path, exist_ok=True)
  File "<frozen os>", line 215, in makedirs
  File "<frozen os>", line 215, in makedirs
  File "<frozen os>", line 215, in makedirs
  File "<frozen os>", line 225, in makedirs
PermissionError: [Errno 13] Permission denied: '/home/abhinavpiyush'
[2026-01-10T02:00:01.631+0000] {taskinstance.py:1206} INFO - Marking task as FAILED. dag_id=weather_live_dag, task_id=fetch_weather_task, run_id=scheduled__2026-01-10T01:00:00+00:00, execution_date=20260110T010000, start_date=20260110T020001, end_date=20260110T020001
[2026-01-10T02:00:01.640+0000] {standard_task_runner.py:110} ERROR - Failed to execute job 12 for task fetch_weather_task ([Errno 13] Permission denied: '/home/abhinavpiyush'; 1421)
[2026-01-10T02:00:01.666+0000] {local_task_job_runner.py:243} INFO - Task exited with return code 1
[2026-01-10T02:00:01.686+0000] {taskinstance.py:3503} INFO - 0 downstream tasks scheduled from follow-on schedule check
[2026-01-10T02:00:01.689+0000] {local_task_job_runner.py:222} INFO - ::endgroup::
