[2026-01-10T14:58:05.543+0000] {local_task_job_runner.py:120} INFO - ::group::Pre task execution logs
[2026-01-10T14:58:05.561+0000] {taskinstance.py:2076} INFO - Dependencies all met for dep_context=non-requeueable deps ti=<TaskInstance: weather_live_dag.transform_weather_task manual__2026-01-10T14:57:59.193399+00:00 [queued]>
[2026-01-10T14:58:05.569+0000] {taskinstance.py:2076} INFO - Dependencies all met for dep_context=requeueable deps ti=<TaskInstance: weather_live_dag.transform_weather_task manual__2026-01-10T14:57:59.193399+00:00 [queued]>
[2026-01-10T14:58:05.571+0000] {taskinstance.py:2306} INFO - Starting attempt 1 of 1
[2026-01-10T14:58:05.585+0000] {taskinstance.py:2330} INFO - Executing <Task(PythonOperator): transform_weather_task> on 2026-01-10 14:57:59.193399+00:00
[2026-01-10T14:58:05.597+0000] {warnings.py:112} WARNING - /home/***/.local/lib/python3.12/site-packages/***/task/task_runner/standard_task_runner.py:62: DeprecationWarning: This process (pid=3860) is multi-threaded, use of fork() may lead to deadlocks in the child.
  pid = os.fork()

[2026-01-10T14:58:05.599+0000] {standard_task_runner.py:64} INFO - Started process 3862 to run task
[2026-01-10T14:58:05.599+0000] {standard_task_runner.py:90} INFO - Running: ['***', 'tasks', 'run', 'weather_live_dag', 'transform_weather_task', 'manual__2026-01-10T14:57:59.193399+00:00', '--job-id', '34', '--raw', '--subdir', 'DAGS_FOLDER/weather_dag.py', '--cfg-path', '/tmp/tmpfrqzavra']
[2026-01-10T14:58:05.602+0000] {standard_task_runner.py:91} INFO - Job 34: Subtask transform_weather_task
[2026-01-10T14:58:05.686+0000] {task_command.py:426} INFO - Running <TaskInstance: weather_live_dag.transform_weather_task manual__2026-01-10T14:57:59.193399+00:00 [running]> on host 7743d9af807c
[2026-01-10T14:58:05.777+0000] {taskinstance.py:2648} INFO - Exporting env vars: AIRFLOW_CTX_DAG_OWNER='***' AIRFLOW_CTX_DAG_ID='weather_live_dag' AIRFLOW_CTX_TASK_ID='transform_weather_task' AIRFLOW_CTX_EXECUTION_DATE='2026-01-10T14:57:59.193399+00:00' AIRFLOW_CTX_TRY_NUMBER='1' AIRFLOW_CTX_DAG_RUN_ID='manual__2026-01-10T14:57:59.193399+00:00'
[2026-01-10T14:58:05.779+0000] {taskinstance.py:430} INFO - ::endgroup::
[2026-01-10T14:58:05.792+0000] {logging_mixin.py:188} INFO - Processed weather saved to: /opt/***/data/processed/processed_weather.json
[2026-01-10T14:58:05.793+0000] {python.py:237} INFO - Done. Returned value was: /opt/***/data/processed/processed_weather.json
[2026-01-10T14:58:05.793+0000] {taskinstance.py:441} INFO - ::group::Post task execution logs
[2026-01-10T14:58:05.818+0000] {taskinstance.py:1206} INFO - Marking task as SUCCESS. dag_id=weather_live_dag, task_id=transform_weather_task, run_id=manual__2026-01-10T14:57:59.193399+00:00, execution_date=20260110T145759, start_date=20260110T145805, end_date=20260110T145805
[2026-01-10T14:58:05.857+0000] {local_task_job_runner.py:243} INFO - Task exited with return code 0
[2026-01-10T14:58:05.883+0000] {taskinstance.py:3503} INFO - 1 downstream tasks scheduled from follow-on schedule check
[2026-01-10T14:58:05.886+0000] {local_task_job_runner.py:222} INFO - ::endgroup::
